<?xml version="1.0" encoding="UTF-8"?>
<!-- Generated by org.testng.reporters.JUnitXMLReporter -->
<testsuite ignored="0" hostname="svegile_0002" failures="1" tests="2" name="MyTests1" time="38.248" errors="0" timestamp="2024-07-23T15:01:50 IST">
  <testcase classname="o2technologies_test.IntegrationTesting_UI_DB" name="login" time="10.234"/>
  <testcase classname="o2technologies_test.IntegrationTesting_UI_DB" name="pageNation" time="21.323">
    <failure type="java.lang.NumberFormatException" message="For input string: &amp;quot;1 – 5&amp;quot;">
      <![CDATA[java.lang.NumberFormatException: For input string: "1 – 5"
at java.base/java.lang.NumberFormatException.forInputString(NumberFormatException.java:67)
at java.base/java.lang.Integer.parseInt(Integer.java:588)
at java.base/java.lang.Integer.parseInt(Integer.java:685)
at o2technologies_pages.GlobalProfilePage.pageNation(GlobalProfilePage.java:392)
at o2technologies_test.IntegrationTesting_UI_DB.pageNation(IntegrationTesting_UI_DB.java:271)
at java.base/java.util.ArrayList.forEach(ArrayList.java:1597)
at java.base/java.util.concurrent.FutureTask.run(FutureTask.java:317)
at java.base/java.util.concurrent.ThreadPoolExecutor.runWorker(ThreadPoolExecutor.java:1144)
at java.base/java.util.concurrent.ThreadPoolExecutor$Worker.run(ThreadPoolExecutor.java:642)
at java.base/java.lang.Thread.run(Thread.java:1570)
... Removed 16 stack frames]]>
    </failure>
  </testcase> <!-- pageNation -->
</testsuite> <!-- MyTests1 -->
