<?xml version="1.0" encoding="UTF-8"?>
<!-- Generated by org.testng.reporters.JUnitXMLReporter -->
<testsuite ignored="0" hostname="svegile_0002" failures="0" tests="11" name="MyTests" time="26.369" errors="0" timestamp="2024-07-17T17:16:43 IST">
  <testcase classname="o2technologies.test.IntegrationTesting_UI_DB" name="login" time="9.347"/>
  <testcase classname="o2technologies.test.IntegrationTesting_UI_DB" name="addProfileWithGoogle" time="4.271"/>
  <testcase classname="o2technologies.test.IntegrationTesting_UI_DB" name="addProfileWithMobile" time="2.047"/>
  <testcase classname="o2technologies.test.IntegrationTesting_UI_DB" name="verifyProfileAdditionToDatabaseWithGoogle" time="0.908"/>
  <testcase classname="o2technologies.test.IntegrationTesting_UI_DB" name="verifyProfileUpdateInDatabase" time="1.297"/>
  <testcase classname="o2technologies.test.IntegrationTesting_UI_DB" name="verifyProfileDeletionFromDatabase" time="1.409"/>
  <testcase classname="o2technologies.test.IntegrationTesting_UI_DB" name="dateCreatedTest" time="2.608"/>
  <testcase classname="o2technologies.test.IntegrationTesting_UI_DB" name="verifyUIElements" time="0.428"/>
  <testcase classname="o2technologies.test.IntegrationTesting_UI_DB" name="searchVerification" time="0.462"/>
  <testcase classname="o2technologies.test.IntegrationTesting_UI_DB" name="company_URLS" time="0.171"/>
  <testcase classname="o2technologies.test.IntegrationTesting_UI_DB" name="pageNation" time="0.414"/>
</testsuite> <!-- MyTests -->
