<?xml version="1.0" encoding="UTF-8"?>
<!-- Generated by org.testng.reporters.JUnitXMLReporter -->
<testsuite ignored="0" hostname="svegile_0002" failures="0" tests="11" name="MyTests1" time="38.105" errors="0" timestamp="2024-07-23T15:58:14 IST">
  <testcase classname="o2technologies_test.GlobalProfile_UI_DB_Test" name="login" time="12.138"/>
  <testcase classname="o2technologies_test.GlobalProfile_UI_DB_Test" name="addProfileWithGoogle" time="4.526"/>
  <testcase classname="o2technologies_test.GlobalProfile_UI_DB_Test" name="addProfileWithMobile" time="2.492"/>
  <testcase classname="o2technologies_test.GlobalProfile_UI_DB_Test" name="verifyProfileAdditionToDatabaseWithGoogle" time="0.739"/>
  <testcase classname="o2technologies_test.GlobalProfile_UI_DB_Test" name="verifyProfileUpdateInDatabase" time="0.958"/>
  <testcase classname="o2technologies_test.GlobalProfile_UI_DB_Test" name="verifyProfileDeletionFromDatabase" time="1.214"/>
  <testcase classname="o2technologies_test.GlobalProfile_UI_DB_Test" name="dateCreatedTest" time="7.788"/>
  <testcase classname="o2technologies_test.GlobalProfile_UI_DB_Test" name="verifyUIElements" time="0.628"/>
  <testcase classname="o2technologies_test.GlobalProfile_UI_DB_Test" name="searchVerification" time="0.882"/>
  <testcase classname="o2technologies_test.GlobalProfile_UI_DB_Test" name="company_URLS" time="0.279"/>
  <testcase classname="o2technologies_test.GlobalProfile_UI_DB_Test" name="pageNation" time="0.5"/>
</testsuite> <!-- MyTests1 -->
